<?xml version="1.0" encoding="UTF-8"?>
<testsuite name="edu.ncsu.csc326.coffeemaker.CoffeeMakerTest" tests="1" skipped="0" failures="1" errors="0" timestamp="2024-08-01T02:29:21" hostname="ANA" time="0.559">
  <properties/>
  <testcase name="testAddRecipeMain" classname="edu.ncsu.csc326.coffeemaker.CoffeeMakerTest" time="0.559">
    <failure message="java.lang.StackOverflowError" type="java.lang.StackOverflowError">java.lang.StackOverflowError
	at sun.nio.cs.SingleByte.withResult(SingleByte.java:44)
	at sun.nio.cs.SingleByte.access$000(SingleByte.java:38)
	at sun.nio.cs.SingleByte$Decoder.decodeArrayLoop(SingleByte.java:82)
	at sun.nio.cs.SingleByte$Decoder.decodeLoop(SingleByte.java:105)
	at java.nio.charset.CharsetDecoder.decode(CharsetDecoder.java:579)
	at sun.nio.cs.StreamDecoder.implRead(StreamDecoder.java:318)
	at sun.nio.cs.StreamDecoder.read(StreamDecoder.java:178)
	at java.io.InputStreamReader.read(InputStreamReader.java:184)
	at java.io.BufferedReader.fill(BufferedReader.java:161)
	at java.io.BufferedReader.readLine(BufferedReader.java:324)
	at java.io.BufferedReader.readLine(BufferedReader.java:389)
	at edu.ncsu.csc326.coffeemaker.Main.inputOutput(Main.java:271)
	at edu.ncsu.csc326.coffeemaker.Main.mainMenu(Main.java:47)
	at edu.ncsu.csc326.coffeemaker.Main.mainMenu(Main.java:63)
	at edu.ncsu.csc326.coffeemaker.Main.mainMenu(Main.java:63)
	at edu.ncsu.csc326.coffeemaker.Main.mainMenu(Main.java:63)
	at edu.ncsu.csc326.coffeemaker.Main.mainMenu(Main.java:63)
	at edu.ncsu.csc326.coffeemaker.Main.mainMenu(Main.java:63)
	at edu.ncsu.csc326.coffeemaker.Main.mainMenu(Main.java:63)
	at edu.ncsu.csc326.coffeemaker.Main.mainMenu(Main.java:63)
	at edu.ncsu.csc326.coffeemaker.Main.mainMenu(Main.java:63)
	at edu.ncsu.csc326.coffeemaker.Main.mainMenu(Main.java:63)
	at edu.ncsu.csc326.coffeemaker.Main.mainMenu(Main.java:63)
	at edu.ncsu.csc326.coffeemaker.Main.mainMenu(Main.java:63)
	at edu.ncsu.csc326.coffeemaker.Main.mainMenu(Main.java:63)
	at edu.ncsu.csc326.coffeemaker.Main.mainMenu(Main.java:63)
	at edu.ncsu.csc326.coffeemaker.Main.mainMenu(Main.java:63)
	at edu.ncsu.csc326.coffeemaker.Main.mainMenu(Main.java:63)
	at edu.ncsu.csc326.coffeemaker.Main.mainMenu(Main.java:63)
	at edu.ncsu.csc326.coffeemaker.Main.mainMenu(Main.java:63)
	at edu.ncsu.csc326.coffeemaker.Main.mainMenu(Main.java:63)
	at edu.ncsu.csc326.coffeemaker.Main.mainMenu(Main.java:63)
	at edu.ncsu.csc326.coffeemaker.Main.mainMenu(Main.java:63)
	at edu.ncsu.csc326.coffeemaker.Main.mainMenu(Main.java:63)
	at edu.ncsu.csc326.coffeemaker.Main.mainMenu(Main.java:63)
	at edu.ncsu.csc326.coffeemaker.Main.mainMenu(Main.java:63)
	at edu.ncsu.csc326.coffeemaker.Main.mainMenu(Main.java:63)
	at edu.ncsu.csc326.coffeemaker.Main.mainMenu(Main.java:63)
	at edu.ncsu.csc326.coffeemaker.Main.mainMenu(Main.java:63)
	at edu.ncsu.csc326.coffeemaker.Main.mainMenu(Main.java:63)
	at edu.ncsu.csc326.coffeemaker.Main.mainMenu(Main.java:63)
	at edu.ncsu.csc326.coffeemaker.Main.mainMenu(Main.java:63)
	at edu.ncsu.csc326.coffeemaker.Main.mainMenu(Main.java:63)
	at edu.ncsu.csc326.coffeemaker.Main.mainMenu(Main.java:63)
	at edu.ncsu.csc326.coffeemaker.Main.mainMenu(Main.java:63)
	at edu.ncsu.csc326.coffeemaker.Main.mainMenu(Main.java:63)
	at edu.ncsu.csc326.coffeemaker.Main.mainMenu(Main.java:63)
	at edu.ncsu.csc326.coffeemaker.Main.mainMenu(Main.java:63)
	at edu.ncsu.csc326.coffeemaker.Main.mainMenu(Main.java:63)
	at edu.ncsu.csc326.coffeemaker.Main.mainMenu(Main.java:63)
	at edu.ncsu.csc326.coffeemaker.Main.mainMenu(Main.java:63)
	at edu.ncsu.csc326.coffeemaker.Main.mainMenu(Main.java:63)
	at edu.ncsu.csc326.coffeemaker.Main.mainMenu(Main.java:63)
	at edu.ncsu.csc326.coffeemaker.Main.mainMenu(Main.java:63)
	at edu.ncsu.csc326.coffeemaker.Main.mainMenu(Main.java:63)
	at edu.ncsu.csc326.coffeemaker.Main.mainMenu(Main.java:63)
	at edu.ncsu.csc326.coffeemaker.Main.mainMenu(Main.java:63)
	at edu.ncsu.csc326.coffeemaker.Main.mainMenu(Main.java:63)
	at edu.ncsu.csc326.coffeemaker.Main.mainMenu(Main.java:63)
	at edu.ncsu.csc326.coffeemaker.Main.mainMenu(Main.java:63)
	at edu.ncsu.csc326.coffeemaker.Main.mainMenu(Main.java:63)
	at edu.ncsu.csc326.coffeemaker.Main.mainMenu(Main.java:63)
	at edu.ncsu.csc326.coffeemaker.Main.mainMenu(Main.java:63)
	at edu.ncsu.csc326.coffeemaker.Main.mainMenu(Main.java:63)
	at edu.ncsu.csc326.coffeemaker.Main.mainMenu(Main.java:63)
	at edu.ncsu.csc326.coffeemaker.Main.mainMenu(Main.java:63)
	at edu.ncsu.csc326.coffeemaker.Main.mainMenu(Main.java:63)
	at edu.ncsu.csc326.coffeemaker.Main.mainMenu(Main.java:63)
	at edu.ncsu.csc326.coffeemaker.Main.mainMenu(Main.java:63)
	at edu.ncsu.csc326.coffeemaker.Main.mainMenu(Main.java:63)
	at edu.ncsu.csc326.coffeemaker.Main.mainMenu(Main.java:63)
	at edu.ncsu.csc326.coffeemaker.Main.mainMenu(Main.java:63)
	at edu.ncsu.csc326.coffeemaker.Main.mainMenu(Main.java:63)
	at edu.ncsu.csc326.coffeemaker.Main.mainMenu(Main.java:63)
	at edu.ncsu.csc326.coffeemaker.Main.mainMenu(Main.java:63)
	at edu.ncsu.csc326.coffeemaker.Main.mainMenu(Main.java:63)
	at edu.ncsu.csc326.coffeemaker.Main.mainMenu(Main.java:63)
	at edu.ncsu.csc326.coffeemaker.Main.mainMenu(Main.java:63)
	at edu.ncsu.csc326.coffeemaker.Main.mainMenu(Main.java:63)
	at edu.ncsu.csc326.coffeemaker.Main.mainMenu(Main.java:63)
	at edu.ncsu.csc326.coffeemaker.Main.mainMenu(Main.java:63)
	at edu.ncsu.csc326.coffeemaker.Main.mainMenu(Main.java:63)
	at edu.ncsu.csc326.coffeemaker.Main.mainMenu(Main.java:63)
	at edu.ncsu.csc326.coffeemaker.Main.mainMenu(Main.java:63)
	at edu.ncsu.csc326.coffeemaker.Main.mainMenu(Main.java:63)
	at edu.ncsu.csc326.coffeemaker.Main.mainMenu(Main.java:63)
	at edu.ncsu.csc326.coffeemaker.Main.mainMenu(Main.java:63)
	at edu.ncsu.csc326.coffeemaker.Main.mainMenu(Main.java:63)
	at edu.ncsu.csc326.coffeemaker.Main.mainMenu(Main.java:63)
	at edu.ncsu.csc326.coffeemaker.Main.mainMenu(Main.java:63)
	at edu.ncsu.csc326.coffeemaker.Main.mainMenu(Main.java:63)
	at edu.ncsu.csc326.coffeemaker.Main.mainMenu(Main.java:63)
	at edu.ncsu.csc326.coffeemaker.Main.mainMenu(Main.java:63)
	at edu.ncsu.csc326.coffeemaker.Main.mainMenu(Main.java:63)
	at edu.ncsu.csc326.coffeemaker.Main.mainMenu(Main.java:63)
	at edu.ncsu.csc326.coffeemaker.Main.mainMenu(Main.java:63)
	at edu.ncsu.csc326.coffeemaker.Main.mainMenu(Main.java:63)
	at edu.ncsu.csc326.coffeemaker.Main.mainMenu(Main.java:63)
	at edu.ncsu.csc326.coffeemaker.Main.mainMenu(Main.java:63)
	at edu.ncsu.csc326.coffeemaker.Main.mainMenu(Main.java:63)
	at edu.ncsu.csc326.coffeemaker.Main.mainMenu(Main.java:63)
	at edu.ncsu.csc326.coffeemaker.Main.mainMenu(Main.java:63)
	at edu.ncsu.csc326.coffeemaker.Main.mainMenu(Main.java:63)
	at edu.ncsu.csc326.coffeemaker.Main.mainMenu(Main.java:63)
	at edu.ncsu.csc326.coffeemaker.Main.mainMenu(Main.java:63)
	at edu.ncsu.csc326.coffeemaker.Main.mainMenu(Main.java:63)
	at edu.ncsu.csc326.coffeemaker.Main.mainMenu(Main.java:63)
	at edu.ncsu.csc326.coffeemaker.Main.mainMenu(Main.java:63)
	at edu.ncsu.csc326.coffeemaker.Main.mainMenu(Main.java:63)
	at edu.ncsu.csc326.coffeemaker.Main.mainMenu(Main.java:63)
	at edu.ncsu.csc326.coffeemaker.Main.mainMenu(Main.java:63)
	at edu.ncsu.csc326.coffeemaker.Main.mainMenu(Main.java:63)
	at edu.ncsu.csc326.coffeemaker.Main.mainMenu(Main.java:63)
	at edu.ncsu.csc326.coffeemaker.Main.mainMenu(Main.java:63)
	at edu.ncsu.csc326.coffeemaker.Main.mainMenu(Main.java:63)
	at edu.ncsu.csc326.coffeemaker.Main.mainMenu(Main.java:63)
	at edu.ncsu.csc326.coffeemaker.Main.mainMenu(Main.java:63)
	at edu.ncsu.csc326.coffeemaker.Main.mainMenu(Main.java:63)
	at edu.ncsu.csc326.coffeemaker.Main.mainMenu(Main.java:63)
	at edu.ncsu.csc326.coffeemaker.Main.mainMenu(Main.java:63)
	at edu.ncsu.csc326.coffeemaker.Main.mainMenu(Main.java:63)
	at edu.ncsu.csc326.coffeemaker.Main.mainMenu(Main.java:63)
	at edu.ncsu.csc326.coffeemaker.Main.mainMenu(Main.java:63)
	at edu.ncsu.csc326.coffeemaker.Main.mainMenu(Main.java:63)
	at edu.ncsu.csc326.coffeemaker.Main.mainMenu(Main.java:63)
	at edu.ncsu.csc326.coffeemaker.Main.mainMenu(Main.java:63)
	at edu.ncsu.csc326.coffeemaker.Main.mainMenu(Main.java:63)
	at edu.ncsu.csc326.coffeemaker.Main.mainMenu(Main.java:63)
	at edu.ncsu.csc326.coffeemaker.Main.mainMenu(Main.java:63)
	at edu.ncsu.csc326.coffeemaker.Main.mainMenu(Main.java:63)
	at edu.ncsu.csc326.coffeemaker.Main.mainMenu(Main.java:63)
	at edu.ncsu.csc326.coffeemaker.Main.mainMenu(Main.java:63)
	at edu.ncsu.csc326.coffeemaker.Main.mainMenu(Main.java:63)
	at edu.ncsu.csc326.coffeemaker.Main.mainMenu(Main.java:63)
	at edu.ncsu.csc326.coffeemaker.Main.mainMenu(Main.java:63)
	at edu.ncsu.csc326.coffeemaker.Main.mainMenu(Main.java:63)
	at edu.ncsu.csc326.coffeemaker.Main.mainMenu(Main.java:63)
	at edu.ncsu.csc326.coffeemaker.Main.mainMenu(Main.java:63)
	at edu.ncsu.csc326.coffeemaker.Main.mainMenu(Main.java:63)
	at edu.ncsu.csc326.coffeemaker.Main.mainMenu(Main.java:63)
	at edu.ncsu.csc326.coffeemaker.Main.mainMenu(Main.java:63)
	at edu.ncsu.csc326.coffeemaker.Main.mainMenu(Main.java:63)
	at edu.ncsu.csc326.coffeemaker.Main.mainMenu(Main.java:63)
	at edu.ncsu.csc326.coffeemaker.Main.mainMenu(Main.java:63)
	at edu.ncsu.csc326.coffeemaker.Main.mainMenu(Main.java:63)
	at edu.ncsu.csc326.coffeemaker.Main.mainMenu(Main.java:63)
	at edu.ncsu.csc326.coffeemaker.Main.mainMenu(Main.java:63)
	at edu.ncsu.csc326.coffeemaker.Main.mainMenu(Main.java:63)
	at edu.ncsu.csc326.coffeemaker.Main.mainMenu(Main.java:63)
	at edu.ncsu.csc326.coffeemaker.Main.mainMenu(Main.java:63)
	at edu.ncsu.csc326.coffeemaker.Main.mainMenu(Main.java:63)
	at edu.ncsu.csc326.coffeemaker.Main.mainMenu(Main.java:63)
	at edu.ncsu.csc326.coffeemaker.Main.mainMenu(Main.java:63)
	at edu.ncsu.csc326.coffeemaker.Main.mainMenu(Main.java:63)
	at edu.ncsu.csc326.coffeemaker.Main.mainMenu(Main.java:63)
	at edu.ncsu.csc326.coffeemaker.Main.mainMenu(Main.java:63)
	at edu.ncsu.csc326.coffeemaker.Main.mainMenu(Main.java:63)
	at edu.ncsu.csc326.coffeemaker.Main.mainMenu(Main.java:63)
	at edu.ncsu.csc326.coffeemaker.Main.mainMenu(Main.java:63)
	at edu.ncsu.csc326.coffeemaker.Main.mainMenu(Main.java:63)
	at edu.ncsu.csc326.coffeemaker.Main.mainMenu(Main.java:63)
	at edu.ncsu.csc326.coffeemaker.Main.mainMenu(Main.java:63)
	at edu.ncsu.csc326.coffeemaker.Main.mainMenu(Main.java:63)
	at edu.ncsu.csc326.coffeemaker.Main.mainMenu(Main.java:63)
	at edu.ncsu.csc326.coffeemaker.Main.mainMenu(Main.java:63)
	at edu.ncsu.csc326.coffeemaker.Main.mainMenu(Main.java:63)
	at edu.ncsu.csc326.coffeemaker.Main.mainMenu(Main.java:63)
	at edu.ncsu.csc326.coffeemaker.Main.mainMenu(Main.java:63)
	at edu.ncsu.csc326.coffeemaker.Main.mainMenu(Main.java:63)
	at edu.ncsu.csc326.coffeemaker.Main.mainMenu(Main.java:63)
	at edu.ncsu.csc326.coffeemaker.Main.mainMenu(Main.java:63)
	at edu.ncsu.csc326.coffeemaker.Main.mainMenu(Main.java:63)
	at edu.ncsu.csc326.coffeemaker.Main.mainMenu(Main.java:63)
	at edu.ncsu.csc326.coffeemaker.Main.mainMenu(Main.java:63)
	at edu.ncsu.csc326.coffeemaker.Main.mainMenu(Main.java:63)
	at edu.ncsu.csc326.coffeemaker.Main.mainMenu(Main.java:63)
	at edu.ncsu.csc326.coffeemaker.Main.mainMenu(Main.java:63)
	at edu.ncsu.csc326.coffeemaker.Main.mainMenu(Main.java:63)
	at edu.ncsu.csc326.coffeemaker.Main.mainMenu(Main.java:63)
	at edu.ncsu.csc326.coffeemaker.Main.mainMenu(Main.java:63)
	at edu.ncsu.csc326.coffeemaker.Main.mainMenu(Main.java:63)
	at edu.ncsu.csc326.coffeemaker.Main.mainMenu(Main.java:63)
	at edu.ncsu.csc326.coffeemaker.Main.mainMenu(Main.java:63)
	at edu.ncsu.csc326.coffeemaker.Main.mainMenu(Main.java:63)
	at edu.ncsu.csc326.coffeemaker.Main.mainMenu(Main.java:63)
	at edu.ncsu.csc326.coffeemaker.Main.mainMenu(Main.java:63)
	at edu.ncsu.csc326.coffeemaker.Main.mainMenu(Main.java:63)
	at edu.ncsu.csc326.coffeemaker.Main.mainMenu(Main.java:63)
	at edu.ncsu.csc326.coffeemaker.Main.mainMenu(Main.java:63)
	at edu.ncsu.csc326.coffeemaker.Main.mainMenu(Main.java:63)
	at edu.ncsu.csc326.coffeemaker.Main.mainMenu(Main.java:63)
	at edu.ncsu.csc326.coffeemaker.Main.mainMenu(Main.java:63)
	at edu.ncsu.csc326.coffeemaker.Main.mainMenu(Main.java:63)
	at edu.ncsu.csc326.coffeemaker.Main.mainMenu(Main.java:63)
	at edu.ncsu.csc326.coffeemaker.Main.mainMenu(Main.java:63)
	at edu.ncsu.csc326.coffeemaker.Main.mainMenu(Main.java:63)
	at edu.ncsu.csc326.coffeemaker.Main.mainMenu(Main.java:63)
	at edu.ncsu.csc326.coffeemaker.Main.mainMenu(Main.java:63)
	at edu.ncsu.csc326.coffeemaker.Main.mainMenu(Main.java:63)
	at edu.ncsu.csc326.coffeemaker.Main.mainMenu(Main.java:63)
	at edu.ncsu.csc326.coffeemaker.Main.mainMenu(Main.java:63)
	at edu.ncsu.csc326.coffeemaker.Main.mainMenu(Main.java:63)
	at edu.ncsu.csc326.coffeemaker.Main.mainMenu(Main.java:63)
	at edu.ncsu.csc326.coffeemaker.Main.mainMenu(Main.java:63)
	at edu.ncsu.csc326.coffeemaker.Main.mainMenu(Main.java:63)
	at edu.ncsu.csc326.coffeemaker.Main.mainMenu(Main.java:63)
	at edu.ncsu.csc326.coffeemaker.Main.mainMenu(Main.java:63)
	at edu.ncsu.csc326.coffeemaker.Main.mainMenu(Main.java:63)
	at edu.ncsu.csc326.coffeemaker.Main.mainMenu(Main.java:63)
	at edu.ncsu.csc326.coffeemaker.Main.mainMenu(Main.java:63)
	at edu.ncsu.csc326.coffeemaker.Main.mainMenu(Main.java:63)
	at edu.ncsu.csc326.coffeemaker.Main.mainMenu(Main.java:63)
	at edu.ncsu.csc326.coffeemaker.Main.mainMenu(Main.java:63)
	at edu.ncsu.csc326.coffeemaker.Main.mainMenu(Main.java:63)
	at edu.ncsu.csc326.coffeemaker.Main.mainMenu(Main.java:63)
	at edu.ncsu.csc326.coffeemaker.Main.mainMenu(Main.java:63)
	at edu.ncsu.csc326.coffeemaker.Main.mainMenu(Main.java:63)
	at edu.ncsu.csc326.coffeemaker.Main.mainMenu(Main.java:63)
	at edu.ncsu.csc326.coffeemaker.Main.mainMenu(Main.java:63)
	at edu.ncsu.csc326.coffeemaker.Main.mainMenu(Main.java:63)
	at edu.ncsu.csc326.coffeemaker.Main.mainMenu(Main.java:63)
	at edu.ncsu.csc326.coffeemaker.Main.mainMenu(Main.java:63)
	at edu.ncsu.csc326.coffeemaker.Main.mainMenu(Main.java:63)
	at edu.ncsu.csc326.coffeemaker.Main.mainMenu(Main.java:63)
	at edu.ncsu.csc326.coffeemaker.Main.mainMenu(Main.java:63)
	at edu.ncsu.csc326.coffeemaker.Main.mainMenu(Main.java:63)
	at edu.ncsu.csc326.coffeemaker.Main.mainMenu(Main.java:63)
	at edu.ncsu.csc326.coffeemaker.Main.mainMenu(Main.java:63)
	at edu.ncsu.csc326.coffeemaker.Main.mainMenu(Main.java:63)
	at edu.ncsu.csc326.coffeemaker.Main.mainMenu(Main.java:63)
	at edu.ncsu.csc326.coffeemaker.Main.mainMenu(Main.java:63)
	at edu.ncsu.csc326.coffeemaker.Main.mainMenu(Main.java:63)
	at edu.ncsu.csc326.coffeemaker.Main.mainMenu(Main.java:63)
	at edu.ncsu.csc326.coffeemaker.Main.mainMenu(Main.java:63)
	at edu.ncsu.csc326.coffeemaker.Main.mainMenu(Main.java:63)
	at edu.ncsu.csc326.coffeemaker.Main.mainMenu(Main.java:63)
	at edu.ncsu.csc326.coffeemaker.Main.mainMenu(Main.java:63)
	at edu.ncsu.csc326.coffeemaker.Main.mainMenu(Main.java:63)
	at edu.ncsu.csc326.coffeemaker.Main.mainMenu(Main.java:63)
	at edu.ncsu.csc326.coffeemaker.Main.mainMenu(Main.java:63)
	at edu.ncsu.csc326.coffeemaker.Main.mainMenu(Main.java:63)
	at edu.ncsu.csc326.coffeemaker.Main.mainMenu(Main.java:63)
	at edu.ncsu.csc326.coffeemaker.Main.mainMenu(Main.java:63)
	at edu.ncsu.csc326.coffeemaker.Main.mainMenu(Main.java:63)
	at edu.ncsu.csc326.coffeemaker.Main.mainMenu(Main.java:63)
	at edu.ncsu.csc326.coffeemaker.Main.mainMenu(Main.java:63)
	at edu.ncsu.csc326.coffeemaker.Main.mainMenu(Main.java:63)
	at edu.ncsu.csc326.coffeemaker.Main.mainMenu(Main.java:63)
	at edu.ncsu.csc326.coffeemaker.Main.mainMenu(Main.java:63)
	at edu.ncsu.csc326.coffeemaker.Main.mainMenu(Main.java:63)
	at edu.ncsu.csc326.coffeemaker.Main.mainMenu(Main.java:63)
	at edu.ncsu.csc326.coffeemaker.Main.mainMenu(Main.java:63)
	at edu.ncsu.csc326.coffeemaker.Main.mainMenu(Main.java:63)
	at edu.ncsu.csc326.coffeemaker.Main.mainMenu(Main.java:63)
	at edu.ncsu.csc326.coffeemaker.Main.mainMenu(Main.java:63)
	at edu.ncsu.csc326.coffeemaker.Main.mainMenu(Main.java:63)
	at edu.ncsu.csc326.coffeemaker.Main.mainMenu(Main.java:63)
	at edu.ncsu.csc326.coffeemaker.Main.mainMenu(Main.java:63)
	at edu.ncsu.csc326.coffeemaker.Main.mainMenu(Main.java:63)
	at edu.ncsu.csc326.coffeemaker.Main.mainMenu(Main.java:63)
	at edu.ncsu.csc326.coffeemaker.Main.mainMenu(Main.java:63)
	at edu.ncsu.csc326.coffeemaker.Main.mainMenu(Main.java:63)
	at edu.ncsu.csc326.coffeemaker.Main.mainMenu(Main.java:63)
	at edu.ncsu.csc326.coffeemaker.Main.mainMenu(Main.java:63)
	at edu.ncsu.csc326.coffeemaker.Main.mainMenu(Main.java:63)
	at edu.ncsu.csc326.coffeemaker.Main.mainMenu(Main.java:63)
	at edu.ncsu.csc326.coffeemaker.Main.mainMenu(Main.java:63)
	at edu.ncsu.csc326.coffeemaker.Main.mainMenu(Main.java:63)
	at edu.ncsu.csc326.coffeemaker.Main.mainMenu(Main.java:63)
	at edu.ncsu.csc326.coffeemaker.Main.mainMenu(Main.java:63)
	at edu.ncsu.csc326.coffeemaker.Main.mainMenu(Main.java:63)
	at edu.ncsu.csc326.coffeemaker.Main.mainMenu(Main.java:63)
	at edu.ncsu.csc326.coffeemaker.Main.mainMenu(Main.java:63)
	at edu.ncsu.csc326.coffeemaker.Main.mainMenu(Main.java:63)
	at edu.ncsu.csc326.coffeemaker.Main.mainMenu(Main.java:63)
	at edu.ncsu.csc326.coffeemaker.Main.mainMenu(Main.java:63)
	at edu.ncsu.csc326.coffeemaker.Main.mainMenu(Main.java:63)
	at edu.ncsu.csc326.coffeemaker.Main.mainMenu(Main.java:63)
	at edu.ncsu.csc326.coffeemaker.Main.mainMenu(Main.java:63)
	at edu.ncsu.csc326.coffeemaker.Main.mainMenu(Main.java:63)
	at edu.ncsu.csc326.coffeemaker.Main.mainMenu(Main.java:63)
	at edu.ncsu.csc326.coffeemaker.Main.mainMenu(Main.java:63)
	at edu.ncsu.csc326.coffeemaker.Main.mainMenu(Main.java:63)
	at edu.ncsu.csc326.coffeemaker.Main.mainMenu(Main.java:63)
	at edu.ncsu.csc326.coffeemaker.Main.mainMenu(Main.java:63)
	at edu.ncsu.csc326.coffeemaker.Main.mainMenu(Main.java:63)
	at edu.ncsu.csc326.coffeemaker.Main.mainMenu(Main.java:63)
	at edu.ncsu.csc326.coffeemaker.Main.mainMenu(Main.java:63)
	at edu.ncsu.csc326.coffeemaker.Main.mainMenu(Main.java:63)
	at edu.ncsu.csc326.coffeemaker.Main.mainMenu(Main.java:63)
	at edu.ncsu.csc326.coffeemaker.Main.mainMenu(Main.java:63)
	at edu.ncsu.csc326.coffeemaker.Main.mainMenu(Main.java:63)
	at edu.ncsu.csc326.coffeemaker.Main.mainMenu(Main.java:63)
	at edu.ncsu.csc326.coffeemaker.Main.mainMenu(Main.java:63)
	at edu.ncsu.csc326.coffeemaker.Main.mainMenu(Main.java:63)
	at edu.ncsu.csc326.coffeemaker.Main.mainMenu(Main.java:63)
	at edu.ncsu.csc326.coffeemaker.Main.mainMenu(Main.java:63)
	at edu.ncsu.csc326.coffeemaker.Main.mainMenu(Main.java:63)
	at edu.ncsu.csc326.coffeemaker.Main.mainMenu(Main.java:63)
	at edu.ncsu.csc326.coffeemaker.Main.mainMenu(Main.java:63)
	at edu.ncsu.csc326.coffeemaker.Main.mainMenu(Main.java:63)
	at edu.ncsu.csc326.coffeemaker.Main.mainMenu(Main.java:63)
	at edu.ncsu.csc326.coffeemaker.Main.mainMenu(Main.java:63)
	at edu.ncsu.csc326.coffeemaker.Main.mainMenu(Main.java:63)
	at edu.ncsu.csc326.coffeemaker.Main.mainMenu(Main.java:63)
	at edu.ncsu.csc326.coffeemaker.Main.mainMenu(Main.java:63)
	at edu.ncsu.csc326.coffeemaker.Main.mainMenu(Main.java:63)
	at edu.ncsu.csc326.coffeemaker.Main.mainMenu(Main.java:63)
	at edu.ncsu.csc326.coffeemaker.Main.mainMenu(Main.java:63)
	at edu.ncsu.csc326.coffeemaker.Main.mainMenu(Main.java:63)
	at edu.ncsu.csc326.coffeemaker.Main.mainMenu(Main.java:63)
	at edu.ncsu.csc326.coffeemaker.Main.mainMenu(Main.java:63)
	at edu.ncsu.csc326.coffeemaker.Main.mainMenu(Main.java:63)
	at edu.ncsu.csc326.coffeemaker.Main.mainMenu(Main.java:63)
	at edu.ncsu.csc326.coffeemaker.Main.mainMenu(Main.java:63)
	at edu.ncsu.csc326.coffeemaker.Main.mainMenu(Main.java:63)
	at edu.ncsu.csc326.coffeemaker.Main.mainMenu(Main.java:63)
	at edu.ncsu.csc326.coffeemaker.Main.mainMenu(Main.java:63)
	at edu.ncsu.csc326.coffeemaker.Main.mainMenu(Main.java:63)
	at edu.ncsu.csc326.coffeemaker.Main.mainMenu(Main.java:63)
	at edu.ncsu.csc326.coffeemaker.Main.mainMenu(Main.java:63)
	at edu.ncsu.csc326.coffeemaker.Main.mainMenu(Main.java:63)
	at edu.ncsu.csc326.coffeemaker.Main.mainMenu(Main.java:63)
	at edu.ncsu.csc326.coffeemaker.Main.mainMenu(Main.java:63)
	at edu.ncsu.csc326.coffeemaker.Main.mainMenu(Main.java:63)
	at edu.ncsu.csc326.coffeemaker.Main.mainMenu(Main.java:63)
	at edu.ncsu.csc326.coffeemaker.Main.mainMenu(Main.java:63)
	at edu.ncsu.csc326.coffeemaker.Main.mainMenu(Main.java:63)
	at edu.ncsu.csc326.coffeemaker.Main.mainMenu(Main.java:63)
	at edu.ncsu.csc326.coffeemaker.Main.mainMenu(Main.java:63)
	at edu.ncsu.csc326.coffeemaker.Main.mainMenu(Main.java:63)
	at edu.ncsu.csc326.coffeemaker.Main.mainMenu(Main.java:63)
	at edu.ncsu.csc326.coffeemaker.Main.mainMenu(Main.java:63)
	at edu.ncsu.csc326.coffeemaker.Main.mainMenu(Main.java:63)
	at edu.ncsu.csc326.coffeemaker.Main.mainMenu(Main.java:63)
	at edu.ncsu.csc326.coffeemaker.Main.mainMenu(Main.java:63)
	at edu.ncsu.csc326.coffeemaker.Main.mainMenu(Main.java:63)
	at edu.ncsu.csc326.coffeemaker.Main.mainMenu(Main.java:63)
	at edu.ncsu.csc326.coffeemaker.Main.mainMenu(Main.java:63)
	at edu.ncsu.csc326.coffeemaker.Main.mainMenu(Main.java:63)
	at edu.ncsu.csc326.coffeemaker.Main.mainMenu(Main.java:63)
	at edu.ncsu.csc326.coffeemaker.Main.mainMenu(Main.java:63)
	at edu.ncsu.csc326.coffeemaker.Main.mainMenu(Main.java:63)
	at edu.ncsu.csc326.coffeemaker.Main.mainMenu(Main.java:63)
	at edu.ncsu.csc326.coffeemaker.Main.mainMenu(Main.java:63)
	at edu.ncsu.csc326.coffeemaker.Main.mainMenu(Main.java:63)
	at edu.ncsu.csc326.coffeemaker.Main.mainMenu(Main.java:63)
	at edu.ncsu.csc326.coffeemaker.Main.mainMenu(Main.java:63)
	at edu.ncsu.csc326.coffeemaker.Main.mainMenu(Main.java:63)
	at edu.ncsu.csc326.coffeemaker.Main.mainMenu(Main.java:63)
	at edu.ncsu.csc326.coffeemaker.Main.mainMenu(Main.java:63)
	at edu.ncsu.csc326.coffeemaker.Main.mainMenu(Main.java:63)
	at edu.ncsu.csc326.coffeemaker.Main.mainMenu(Main.java:63)
	at edu.ncsu.csc326.coffeemaker.Main.mainMenu(Main.java:63)
	at edu.ncsu.csc326.coffeemaker.Main.mainMenu(Main.java:63)
	at edu.ncsu.csc326.coffeemaker.Main.mainMenu(Main.java:63)
	at edu.ncsu.csc326.coffeemaker.Main.mainMenu(Main.java:63)
	at edu.ncsu.csc326.coffeemaker.Main.mainMenu(Main.java:63)
	at edu.ncsu.csc326.coffeemaker.Main.mainMenu(Main.java:63)
	at edu.ncsu.csc326.coffeemaker.Main.mainMenu(Main.java:63)
	at edu.ncsu.csc326.coffeemaker.Main.mainMenu(Main.java:63)
	at edu.ncsu.csc326.coffeemaker.Main.mainMenu(Main.java:63)
	at edu.ncsu.csc326.coffeemaker.Main.mainMenu(Main.java:63)
	at edu.ncsu.csc326.coffeemaker.Main.mainMenu(Main.java:63)
	at edu.ncsu.csc326.coffeemaker.Main.mainMenu(Main.java:63)
	at edu.ncsu.csc326.coffeemaker.Main.mainMenu(Main.java:63)
	at edu.ncsu.csc326.coffeemaker.Main.mainMenu(Main.java:63)
	at edu.ncsu.csc326.coffeemaker.Main.mainMenu(Main.java:63)
	at edu.ncsu.csc326.coffeemaker.Main.mainMenu(Main.java:63)
	at edu.ncsu.csc326.coffeemaker.Main.mainMenu(Main.java:63)
	at edu.ncsu.csc326.coffeemaker.Main.mainMenu(Main.java:63)
	at edu.ncsu.csc326.coffeemaker.Main.mainMenu(Main.java:63)
	at edu.ncsu.csc326.coffeemaker.Main.mainMenu(Main.java:63)
	at edu.ncsu.csc326.coffeemaker.Main.mainMenu(Main.java:63)
	at edu.ncsu.csc326.coffeemaker.Main.mainMenu(Main.java:63)
	at edu.ncsu.csc326.coffeemaker.Main.mainMenu(Main.java:63)
	at edu.ncsu.csc326.coffeemaker.Main.mainMenu(Main.java:63)
	at edu.ncsu.csc326.coffeemaker.Main.mainMenu(Main.java:63)
	at edu.ncsu.csc326.coffeemaker.Main.mainMenu(Main.java:63)
	at edu.ncsu.csc326.coffeemaker.Main.mainMenu(Main.java:63)
	at edu.ncsu.csc326.coffeemaker.Main.mainMenu(Main.java:63)
	at edu.ncsu.csc326.coffeemaker.Main.mainMenu(Main.java:63)
	at edu.ncsu.csc326.coffeemaker.Main.mainMenu(Main.java:63)
	at edu.ncsu.csc326.coffeemaker.Main.mainMenu(Main.java:63)
	at edu.ncsu.csc326.coffeemaker.Main.mainMenu(Main.java:63)
	at edu.ncsu.csc326.coffeemaker.Main.mainMenu(Main.java:63)
	at edu.ncsu.csc326.coffeemaker.Main.mainMenu(Main.java:63)
	at edu.ncsu.csc326.coffeemaker.Main.mainMenu(Main.java:63)
	at edu.ncsu.csc326.coffeemaker.Main.mainMenu(Main.java:63)
	at edu.ncsu.csc326.coffeemaker.Main.mainMenu(Main.java:63)
	at edu.ncsu.csc326.coffeemaker.Main.mainMenu(Main.java:63)
	at edu.ncsu.csc326.coffeemaker.Main.mainMenu(Main.java:63)
	at edu.ncsu.csc326.coffeemaker.Main.mainMenu(Main.java:63)
	at edu.ncsu.csc326.coffeemaker.Main.mainMenu(Main.java:63)
	at edu.ncsu.csc326.coffeemaker.Main.mainMenu(Main.java:63)
	at edu.ncsu.csc326.coffeemaker.Main.mainMenu(Main.java:63)
	at edu.ncsu.csc326.coffeemaker.Main.mainMenu(Main.java:63)
	at edu.ncsu.csc326.coffeemaker.Main.mainMenu(Main.java:63)
	at edu.ncsu.csc326.coffeemaker.Main.mainMenu(Main.java:63)
	at edu.ncsu.csc326.coffeemaker.Main.mainMenu(Main.java:63)
	at edu.ncsu.csc326.coffeemaker.Main.mainMenu(Main.java:63)
	at edu.ncsu.csc326.coffeemaker.Main.mainMenu(Main.java:63)
	at edu.ncsu.csc326.coffeemaker.Main.mainMenu(Main.java:63)
	at edu.ncsu.csc326.coffeemaker.Main.mainMenu(Main.java:63)
	at edu.ncsu.csc326.coffeemaker.Main.mainMenu(Main.java:63)
	at edu.ncsu.csc326.coffeemaker.Main.mainMenu(Main.java:63)
	at edu.ncsu.csc326.coffeemaker.Main.mainMenu(Main.java:63)
	at edu.ncsu.csc326.coffeemaker.Main.mainMenu(Main.java:63)
	at edu.ncsu.csc326.coffeemaker.Main.mainMenu(Main.java:63)
	at edu.ncsu.csc326.coffeemaker.Main.mainMenu(Main.java:63)
	at edu.ncsu.csc326.coffeemaker.Main.mainMenu(Main.java:63)
	at edu.ncsu.csc326.coffeemaker.Main.mainMenu(Main.java:63)
	at edu.ncsu.csc326.coffeemaker.Main.mainMenu(Main.java:63)
	at edu.ncsu.csc326.coffeemaker.Main.mainMenu(Main.java:63)
	at edu.ncsu.csc326.coffeemaker.Main.mainMenu(Main.java:63)
	at edu.ncsu.csc326.coffeemaker.Main.mainMenu(Main.java:63)
	at edu.ncsu.csc326.coffeemaker.Main.mainMenu(Main.java:63)
	at edu.ncsu.csc326.coffeemaker.Main.mainMenu(Main.java:63)
	at edu.ncsu.csc326.coffeemaker.Main.mainMenu(Main.java:63)
	at edu.ncsu.csc326.coffeemaker.Main.mainMenu(Main.java:63)
	at edu.ncsu.csc326.coffeemaker.Main.mainMenu(Main.java:63)
	at edu.ncsu.csc326.coffeemaker.Main.mainMenu(Main.java:63)
	at edu.ncsu.csc326.coffeemaker.Main.mainMenu(Main.java:63)
	at edu.ncsu.csc326.coffeemaker.Main.mainMenu(Main.java:63)
	at edu.ncsu.csc326.coffeemaker.Main.mainMenu(Main.java:63)
	at edu.ncsu.csc326.coffeemaker.Main.mainMenu(Main.java:63)
	at edu.ncsu.csc326.coffeemaker.Main.mainMenu(Main.java:63)
	at edu.ncsu.csc326.coffeemaker.Main.mainMenu(Main.java:63)
	at edu.ncsu.csc326.coffeemaker.Main.mainMenu(Main.java:63)
	at edu.ncsu.csc326.coffeemaker.Main.mainMenu(Main.java:63)
	at edu.ncsu.csc326.coffeemaker.Main.mainMenu(Main.java:63)
	at edu.ncsu.csc326.coffeemaker.Main.mainMenu(Main.java:63)
	at edu.ncsu.csc326.coffeemaker.Main.mainMenu(Main.java:63)
	at edu.ncsu.csc326.coffeemaker.Main.mainMenu(Main.java:63)
	at edu.ncsu.csc326.coffeemaker.Main.mainMenu(Main.java:63)
	at edu.ncsu.csc326.coffeemaker.Main.mainMenu(Main.java:63)
	at edu.ncsu.csc326.coffeemaker.Main.mainMenu(Main.java:63)
	at edu.ncsu.csc326.coffeemaker.Main.mainMenu(Main.java:63)
	at edu.ncsu.csc326.coffeemaker.Main.mainMenu(Main.java:63)
	at edu.ncsu.csc326.coffeemaker.Main.mainMenu(Main.java:63)
	at edu.ncsu.csc326.coffeemaker.Main.mainMenu(Main.java:63)
	at edu.ncsu.csc326.coffeemaker.Main.mainMenu(Main.java:63)
	at edu.ncsu.csc326.coffeemaker.Main.mainMenu(Main.java:63)
	at edu.ncsu.csc326.coffeemaker.Main.mainMenu(Main.java:63)
	at edu.ncsu.csc326.coffeemaker.Main.mainMenu(Main.java:63)
	at edu.ncsu.csc326.coffeemaker.Main.mainMenu(Main.java:63)
	at edu.ncsu.csc326.coffeemaker.Main.mainMenu(Main.java:63)
	at edu.ncsu.csc326.coffeemaker.Main.mainMenu(Main.java:63)
	at edu.ncsu.csc326.coffeemaker.Main.mainMenu(Main.java:63)
	at edu.ncsu.csc326.coffeemaker.Main.mainMenu(Main.java:63)
	at edu.ncsu.csc326.coffeemaker.Main.mainMenu(Main.java:63)
	at edu.ncsu.csc326.coffeemaker.Main.mainMenu(Main.java:63)
	at edu.ncsu.csc326.coffeemaker.Main.mainMenu(Main.java:63)
	at edu.ncsu.csc326.coffeemaker.Main.mainMenu(Main.java:63)
	at edu.ncsu.csc326.coffeemaker.Main.mainMenu(Main.java:63)
	at edu.ncsu.csc326.coffeemaker.Main.mainMenu(Main.java:63)
	at edu.ncsu.csc326.coffeemaker.Main.mainMenu(Main.java:63)
	at edu.ncsu.csc326.coffeemaker.Main.mainMenu(Main.java:63)
	at edu.ncsu.csc326.coffeemaker.Main.mainMenu(Main.java:63)
	at edu.ncsu.csc326.coffeemaker.Main.mainMenu(Main.java:63)
	at edu.ncsu.csc326.coffeemaker.Main.mainMenu(Main.java:63)
	at edu.ncsu.csc326.coffeemaker.Main.mainMenu(Main.java:63)
	at edu.ncsu.csc326.coffeemaker.Main.mainMenu(Main.java:63)
	at edu.ncsu.csc326.coffeemaker.Main.mainMenu(Main.java:63)
	at edu.ncsu.csc326.coffeemaker.Main.mainMenu(Main.java:63)
	at edu.ncsu.csc326.coffeemaker.Main.mainMenu(Main.java:63)
	at edu.ncsu.csc326.coffeemaker.Main.mainMenu(Main.java:63)
	at edu.ncsu.csc326.coffeemaker.Main.mainMenu(Main.java:63)
	at edu.ncsu.csc326.coffeemaker.Main.mainMenu(Main.java:63)
	at edu.ncsu.csc326.coffeemaker.Main.mainMenu(Main.java:63)
	at edu.ncsu.csc326.coffeemaker.Main.mainMenu(Main.java:63)
	at edu.ncsu.csc326.coffeemaker.Main.mainMenu(Main.java:63)
	at edu.ncsu.csc326.coffeemaker.Main.mainMenu(Main.java:63)
	at edu.ncsu.csc326.coffeemaker.Main.mainMenu(Main.java:63)
	at edu.ncsu.csc326.coffeemaker.Main.mainMenu(Main.java:63)
	at edu.ncsu.csc326.coffeemaker.Main.mainMenu(Main.java:63)
	at edu.ncsu.csc326.coffeemaker.Main.mainMenu(Main.java:63)
	at edu.ncsu.csc326.coffeemaker.Main.mainMenu(Main.java:63)
	at edu.ncsu.csc326.coffeemaker.Main.mainMenu(Main.java:63)
	at edu.ncsu.csc326.coffeemaker.Main.mainMenu(Main.java:63)
	at edu.ncsu.csc326.coffeemaker.Main.mainMenu(Main.java:63)
	at edu.ncsu.csc326.coffeemaker.Main.mainMenu(Main.java:63)
	at edu.ncsu.csc326.coffeemaker.Main.mainMenu(Main.java:63)
	at edu.ncsu.csc326.coffeemaker.Main.mainMenu(Main.java:63)
	at edu.ncsu.csc326.coffeemaker.Main.mainMenu(Main.java:63)
	at edu.ncsu.csc326.coffeemaker.Main.mainMenu(Main.java:63)
	at edu.ncsu.csc326.coffeemaker.Main.mainMenu(Main.java:63)
	at edu.ncsu.csc326.coffeemaker.Main.mainMenu(Main.java:63)
	at edu.ncsu.csc326.coffeemaker.Main.mainMenu(Main.java:63)
	at edu.ncsu.csc326.coffeemaker.Main.mainMenu(Main.java:63)
	at edu.ncsu.csc326.coffeemaker.Main.mainMenu(Main.java:63)
	at edu.ncsu.csc326.coffeemaker.Main.mainMenu(Main.java:63)
	at edu.ncsu.csc326.coffeemaker.Main.mainMenu(Main.java:63)
	at edu.ncsu.csc326.coffeemaker.Main.mainMenu(Main.java:63)
	at edu.ncsu.csc326.coffeemaker.Main.mainMenu(Main.java:63)
	at edu.ncsu.csc326.coffeemaker.Main.mainMenu(Main.java:63)
	at edu.ncsu.csc326.coffeemaker.Main.mainMenu(Main.java:63)
	at edu.ncsu.csc326.coffeemaker.Main.mainMenu(Main.java:63)
	at edu.ncsu.csc326.coffeemaker.Main.mainMenu(Main.java:63)
	at edu.ncsu.csc326.coffeemaker.Main.mainMenu(Main.java:63)
	at edu.ncsu.csc326.coffeemaker.Main.mainMenu(Main.java:63)
	at edu.ncsu.csc326.coffeemaker.Main.mainMenu(Main.java:63)
	at edu.ncsu.csc326.coffeemaker.Main.mainMenu(Main.java:63)
	at edu.ncsu.csc326.coffeemaker.Main.mainMenu(Main.java:63)
	at edu.ncsu.csc326.coffeemaker.Main.mainMenu(Main.java:63)
	at edu.ncsu.csc326.coffeemaker.Main.mainMenu(Main.java:63)
	at edu.ncsu.csc326.coffeemaker.Main.mainMenu(Main.java:63)
	at edu.ncsu.csc326.coffeemaker.Main.mainMenu(Main.java:63)
	at edu.ncsu.csc326.coffeemaker.Main.mainMenu(Main.java:63)
	at edu.ncsu.csc326.coffeemaker.Main.mainMenu(Main.java:63)
	at edu.ncsu.csc326.coffeemaker.Main.mainMenu(Main.java:63)
	at edu.ncsu.csc326.coffeemaker.Main.mainMenu(Main.java:63)
	at edu.ncsu.csc326.coffeemaker.Main.mainMenu(Main.java:63)
	at edu.ncsu.csc326.coffeemaker.Main.mainMenu(Main.java:63)
	at edu.ncsu.csc326.coffeemaker.Main.mainMenu(Main.java:63)
	at edu.ncsu.csc326.coffeemaker.Main.mainMenu(Main.java:63)
	at edu.ncsu.csc326.coffeemaker.Main.mainMenu(Main.java:63)
	at edu.ncsu.csc326.coffeemaker.Main.mainMenu(Main.java:63)
	at edu.ncsu.csc326.coffeemaker.Main.mainMenu(Main.java:63)
	at edu.ncsu.csc326.coffeemaker.Main.mainMenu(Main.java:63)
	at edu.ncsu.csc326.coffeemaker.Main.mainMenu(Main.java:63)
	at edu.ncsu.csc326.coffeemaker.Main.mainMenu(Main.java:63)
	at edu.ncsu.csc326.coffeemaker.Main.mainMenu(Main.java:63)
	at edu.ncsu.csc326.coffeemaker.Main.mainMenu(Main.java:63)
	at edu.ncsu.csc326.coffeemaker.Main.mainMenu(Main.java:63)
	at edu.ncsu.csc326.coffeemaker.Main.mainMenu(Main.java:63)
	at edu.ncsu.csc326.coffeemaker.Main.mainMenu(Main.java:63)
	at edu.ncsu.csc326.coffeemaker.Main.mainMenu(Main.java:63)
	at edu.ncsu.csc326.coffeemaker.Main.mainMenu(Main.java:63)
	at edu.ncsu.csc326.coffeemaker.Main.mainMenu(Main.java:63)
	at edu.ncsu.csc326.coffeemaker.Main.mainMenu(Main.java:63)
	at edu.ncsu.csc326.coffeemaker.Main.mainMenu(Main.java:63)
	at edu.ncsu.csc326.coffeemaker.Main.mainMenu(Main.java:63)
	at edu.ncsu.csc326.coffeemaker.Main.mainMenu(Main.java:63)
	at edu.ncsu.csc326.coffeemaker.Main.mainMenu(Main.java:63)
	at edu.ncsu.csc326.coffeemaker.Main.mainMenu(Main.java:63)
	at edu.ncsu.csc326.coffeemaker.Main.mainMenu(Main.java:63)
	at edu.ncsu.csc326.coffeemaker.Main.mainMenu(Main.java:63)
	at edu.ncsu.csc326.coffeemaker.Main.mainMenu(Main.java:63)
	at edu.ncsu.csc326.coffeemaker.Main.mainMenu(Main.java:63)
	at edu.ncsu.csc326.coffeemaker.Main.mainMenu(Main.java:63)
	at edu.ncsu.csc326.coffeemaker.Main.mainMenu(Main.java:63)
	at edu.ncsu.csc326.coffeemaker.Main.mainMenu(Main.java:63)
	at edu.ncsu.csc326.coffeemaker.Main.mainMenu(Main.java:63)
	at edu.ncsu.csc326.coffeemaker.Main.mainMenu(Main.java:63)
	at edu.ncsu.csc326.coffeemaker.Main.mainMenu(Main.java:63)
	at edu.ncsu.csc326.coffeemaker.Main.mainMenu(Main.java:63)
	at edu.ncsu.csc326.coffeemaker.Main.mainMenu(Main.java:63)
	at edu.ncsu.csc326.coffeemaker.Main.mainMenu(Main.java:63)
	at edu.ncsu.csc326.coffeemaker.Main.mainMenu(Main.java:63)
	at edu.ncsu.csc326.coffeemaker.Main.mainMenu(Main.java:63)
	at edu.ncsu.csc326.coffeemaker.Main.mainMenu(Main.java:63)
	at edu.ncsu.csc326.coffeemaker.Main.mainMenu(Main.java:63)
	at edu.ncsu.csc326.coffeemaker.Main.mainMenu(Main.java:63)
	at edu.ncsu.csc326.coffeemaker.Main.mainMenu(Main.java:63)
	at edu.ncsu.csc326.coffeemaker.Main.mainMenu(Main.java:63)
	at edu.ncsu.csc326.coffeemaker.Main.mainMenu(Main.java:63)
	at edu.ncsu.csc326.coffeemaker.Main.mainMenu(Main.java:63)
	at edu.ncsu.csc326.coffeemaker.Main.mainMenu(Main.java:63)
	at edu.ncsu.csc326.coffeemaker.Main.mainMenu(Main.java:63)
	at edu.ncsu.csc326.coffeemaker.Main.mainMenu(Main.java:63)
	at edu.ncsu.csc326.coffeemaker.Main.mainMenu(Main.java:63)
	at edu.ncsu.csc326.coffeemaker.Main.mainMenu(Main.java:63)
	at edu.ncsu.csc326.coffeemaker.Main.mainMenu(Main.java:63)
	at edu.ncsu.csc326.coffeemaker.Main.mainMenu(Main.java:63)
	at edu.ncsu.csc326.coffeemaker.Main.mainMenu(Main.java:63)
	at edu.ncsu.csc326.coffeemaker.Main.mainMenu(Main.java:63)
	at edu.ncsu.csc326.coffeemaker.Main.mainMenu(Main.java:63)
	at edu.ncsu.csc326.coffeemaker.Main.mainMenu(Main.java:63)
	at edu.ncsu.csc326.coffeemaker.Main.mainMenu(Main.java:63)
	at edu.ncsu.csc326.coffeemaker.Main.mainMenu(Main.java:63)
	at edu.ncsu.csc326.coffeemaker.Main.mainMenu(Main.java:63)
	at edu.ncsu.csc326.coffeemaker.Main.mainMenu(Main.java:63)
	at edu.ncsu.csc326.coffeemaker.Main.mainMenu(Main.java:63)
	at edu.ncsu.csc326.coffeemaker.Main.mainMenu(Main.java:63)
	at edu.ncsu.csc326.coffeemaker.Main.mainMenu(Main.java:63)
	at edu.ncsu.csc326.coffeemaker.Main.mainMenu(Main.java:63)
	at edu.ncsu.csc326.coffeemaker.Main.mainMenu(Main.java:63)
	at edu.ncsu.csc326.coffeemaker.Main.mainMenu(Main.java:63)
	at edu.ncsu.csc326.coffeemaker.Main.mainMenu(Main.java:63)
	at edu.ncsu.csc326.coffeemaker.Main.mainMenu(Main.java:63)
	at edu.ncsu.csc326.coffeemaker.Main.mainMenu(Main.java:63)
	at edu.ncsu.csc326.coffeemaker.Main.mainMenu(Main.java:63)
	at edu.ncsu.csc326.coffeemaker.Main.mainMenu(Main.java:63)
	at edu.ncsu.csc326.coffeemaker.Main.mainMenu(Main.java:63)
	at edu.ncsu.csc326.coffeemaker.Main.mainMenu(Main.java:63)
	at edu.ncsu.csc326.coffeemaker.Main.mainMenu(Main.java:63)
	at edu.ncsu.csc326.coffeemaker.Main.mainMenu(Main.java:63)
	at edu.ncsu.csc326.coffeemaker.Main.mainMenu(Main.java:63)
	at edu.ncsu.csc326.coffeemaker.Main.mainMenu(Main.java:63)
	at edu.ncsu.csc326.coffeemaker.Main.mainMenu(Main.java:63)
	at edu.ncsu.csc326.coffeemaker.Main.mainMenu(Main.java:63)
	at edu.ncsu.csc326.coffeemaker.Main.mainMenu(Main.java:63)
	at edu.ncsu.csc326.coffeemaker.Main.mainMenu(Main.java:63)
	at edu.ncsu.csc326.coffeemaker.Main.mainMenu(Main.java:63)
	at edu.ncsu.csc326.coffeemaker.Main.mainMenu(Main.java:63)
	at edu.ncsu.csc326.coffeemaker.Main.mainMenu(Main.java:63)
	at edu.ncsu.csc326.coffeemaker.Main.mainMenu(Main.java:63)
	at edu.ncsu.csc326.coffeemaker.Main.mainMenu(Main.java:63)
	at edu.ncsu.csc326.coffeemaker.Main.mainMenu(Main.java:63)
	at edu.ncsu.csc326.coffeemaker.Main.mainMenu(Main.java:63)
	at edu.ncsu.csc326.coffeemaker.Main.mainMenu(Main.java:63)
	at edu.ncsu.csc326.coffeemaker.Main.mainMenu(Main.java:63)
	at edu.ncsu.csc326.coffeemaker.Main.mainMenu(Main.java:63)
	at edu.ncsu.csc326.coffeemaker.Main.mainMenu(Main.java:63)
	at edu.ncsu.csc326.coffeemaker.Main.mainMenu(Main.java:63)
	at edu.ncsu.csc326.coffeemaker.Main.mainMenu(Main.java:63)
	at edu.ncsu.csc326.coffeemaker.Main.mainMenu(Main.java:63)
	at edu.ncsu.csc326.coffeemaker.Main.mainMenu(Main.java:63)
	at edu.ncsu.csc326.coffeemaker.Main.mainMenu(Main.java:63)
	at edu.ncsu.csc326.coffeemaker.Main.mainMenu(Main.java:63)
	at edu.ncsu.csc326.coffeemaker.Main.mainMenu(Main.java:63)
	at edu.ncsu.csc326.coffeemaker.Main.mainMenu(Main.java:63)
	at edu.ncsu.csc326.coffeemaker.Main.mainMenu(Main.java:63)
	at edu.ncsu.csc326.coffeemaker.Main.mainMenu(Main.java:63)
	at edu.ncsu.csc326.coffeemaker.Main.mainMenu(Main.java:63)
	at edu.ncsu.csc326.coffeemaker.Main.mainMenu(Main.java:63)
	at edu.ncsu.csc326.coffeemaker.Main.mainMenu(Main.java:63)
	at edu.ncsu.csc326.coffeemaker.Main.mainMenu(Main.java:63)
	at edu.ncsu.csc326.coffeemaker.Main.mainMenu(Main.java:63)
	at edu.ncsu.csc326.coffeemaker.Main.mainMenu(Main.java:63)
	at edu.ncsu.csc326.coffeemaker.Main.mainMenu(Main.java:63)
	at edu.ncsu.csc326.coffeemaker.Main.mainMenu(Main.java:63)
	at edu.ncsu.csc326.coffeemaker.Main.mainMenu(Main.java:63)
	at edu.ncsu.csc326.coffeemaker.Main.mainMenu(Main.java:63)
	at edu.ncsu.csc326.coffeemaker.Main.mainMenu(Main.java:63)
	at edu.ncsu.csc326.coffeemaker.Main.mainMenu(Main.java:63)
	at edu.ncsu.csc326.coffeemaker.Main.mainMenu(Main.java:63)
	at edu.ncsu.csc326.coffeemaker.Main.mainMenu(Main.java:63)
	at edu.ncsu.csc326.coffeemaker.Main.mainMenu(Main.java:63)
	at edu.ncsu.csc326.coffeemaker.Main.mainMenu(Main.java:63)
	at edu.ncsu.csc326.coffeemaker.Main.mainMenu(Main.java:63)
	at edu.ncsu.csc326.coffeemaker.Main.mainMenu(Main.java:63)
	at edu.ncsu.csc326.coffeemaker.Main.mainMenu(Main.java:63)
	at edu.ncsu.csc326.coffeemaker.Main.mainMenu(Main.java:63)
	at edu.ncsu.csc326.coffeemaker.Main.mainMenu(Main.java:63)
	at edu.ncsu.csc326.coffeemaker.Main.mainMenu(Main.java:63)
	at edu.ncsu.csc326.coffeemaker.Main.mainMenu(Main.java:63)
	at edu.ncsu.csc326.coffeemaker.Main.mainMenu(Main.java:63)
	at edu.ncsu.csc326.coffeemaker.Main.mainMenu(Main.java:63)
	at edu.ncsu.csc326.coffeemaker.Main.mainMenu(Main.java:63)
	at edu.ncsu.csc326.coffeemaker.Main.mainMenu(Main.java:63)
	at edu.ncsu.csc326.coffeemaker.Main.mainMenu(Main.java:63)
	at edu.ncsu.csc326.coffeemaker.Main.mainMenu(Main.java:63)
	at edu.ncsu.csc326.coffeemaker.Main.mainMenu(Main.java:63)
	at edu.ncsu.csc326.coffeemaker.Main.mainMenu(Main.java:63)
	at edu.ncsu.csc326.coffeemaker.Main.mainMenu(Main.java:63)
	at edu.ncsu.csc326.coffeemaker.Main.mainMenu(Main.java:63)
	at edu.ncsu.csc326.coffeemaker.Main.mainMenu(Main.java:63)
	at edu.ncsu.csc326.coffeemaker.Main.mainMenu(Main.java:63)
	at edu.ncsu.csc326.coffeemaker.Main.mainMenu(Main.java:63)
	at edu.ncsu.csc326.coffeemaker.Main.mainMenu(Main.java:63)
	at edu.ncsu.csc326.coffeemaker.Main.mainMenu(Main.java:63)
	at edu.ncsu.csc326.coffeemaker.Main.mainMenu(Main.java:63)
	at edu.ncsu.csc326.coffeemaker.Main.mainMenu(Main.java:63)
	at edu.ncsu.csc326.coffeemaker.Main.mainMenu(Main.java:63)
	at edu.ncsu.csc326.coffeemaker.Main.mainMenu(Main.java:63)
	at edu.ncsu.csc326.coffeemaker.Main.mainMenu(Main.java:63)
	at edu.ncsu.csc326.coffeemaker.Main.mainMenu(Main.java:63)
	at edu.ncsu.csc326.coffeemaker.Main.mainMenu(Main.java:63)
	at edu.ncsu.csc326.coffeemaker.Main.mainMenu(Main.java:63)
	at edu.ncsu.csc326.coffeemaker.Main.mainMenu(Main.java:63)
	at edu.ncsu.csc326.coffeemaker.Main.mainMenu(Main.java:63)
	at edu.ncsu.csc326.coffeemaker.Main.mainMenu(Main.java:63)
	at edu.ncsu.csc326.coffeemaker.Main.mainMenu(Main.java:63)
	at edu.ncsu.csc326.coffeemaker.Main.mainMenu(Main.java:63)
	at edu.ncsu.csc326.coffeemaker.Main.mainMenu(Main.java:63)
	at edu.ncsu.csc326.coffeemaker.Main.mainMenu(Main.java:63)
	at edu.ncsu.csc326.coffeemaker.Main.mainMenu(Main.java:63)
	at edu.ncsu.csc326.coffeemaker.Main.mainMenu(Main.java:63)
	at edu.ncsu.csc326.coffeemaker.Main.mainMenu(Main.java:63)
	at edu.ncsu.csc326.coffeemaker.Main.mainMenu(Main.java:63)
	at edu.ncsu.csc326.coffeemaker.Main.mainMenu(Main.java:63)
	at edu.ncsu.csc326.coffeemaker.Main.mainMenu(Main.java:63)
	at edu.ncsu.csc326.coffeemaker.Main.mainMenu(Main.java:63)
	at edu.ncsu.csc326.coffeemaker.Main.mainMenu(Main.java:63)
	at edu.ncsu.csc326.coffeemaker.Main.mainMenu(Main.java:63)
	at edu.ncsu.csc326.coffeemaker.Main.mainMenu(Main.java:63)
	at edu.ncsu.csc326.coffeemaker.Main.mainMenu(Main.java:63)
	at edu.ncsu.csc326.coffeemaker.Main.mainMenu(Main.java:63)
	at edu.ncsu.csc326.coffeemaker.Main.mainMenu(Main.java:63)
	at edu.ncsu.csc326.coffeemaker.Main.mainMenu(Main.java:63)
	at edu.ncsu.csc326.coffeemaker.Main.mainMenu(Main.java:63)
	at edu.ncsu.csc326.coffeemaker.Main.mainMenu(Main.java:63)
	at edu.ncsu.csc326.coffeemaker.Main.mainMenu(Main.java:63)
	at edu.ncsu.csc326.coffeemaker.Main.mainMenu(Main.java:63)
	at edu.ncsu.csc326.coffeemaker.Main.mainMenu(Main.java:63)
	at edu.ncsu.csc326.coffeemaker.Main.mainMenu(Main.java:63)
	at edu.ncsu.csc326.coffeemaker.Main.mainMenu(Main.java:63)
	at edu.ncsu.csc326.coffeemaker.Main.mainMenu(Main.java:63)
	at edu.ncsu.csc326.coffeemaker.Main.mainMenu(Main.java:63)
	at edu.ncsu.csc326.coffeemaker.Main.mainMenu(Main.java:63)
	at edu.ncsu.csc326.coffeemaker.Main.mainMenu(Main.java:63)
	at edu.ncsu.csc326.coffeemaker.Main.mainMenu(Main.java:63)
	at edu.ncsu.csc326.coffeemaker.Main.mainMenu(Main.java:63)
	at edu.ncsu.csc326.coffeemaker.Main.mainMenu(Main.java:63)
	at edu.ncsu.csc326.coffeemaker.Main.mainMenu(Main.java:63)
	at edu.ncsu.csc326.coffeemaker.Main.mainMenu(Main.java:63)
	at edu.ncsu.csc326.coffeemaker.Main.mainMenu(Main.java:63)
	at edu.ncsu.csc326.coffeemaker.Main.mainMenu(Main.java:63)
	at edu.ncsu.csc326.coffeemaker.Main.mainMenu(Main.java:63)
	at edu.ncsu.csc326.coffeemaker.Main.mainMenu(Main.java:63)
	at edu.ncsu.csc326.coffeemaker.Main.mainMenu(Main.java:63)
	at edu.ncsu.csc326.coffeemaker.Main.mainMenu(Main.java:63)
	at edu.ncsu.csc326.coffeemaker.Main.mainMenu(Main.java:63)
	at edu.ncsu.csc326.coffeemaker.Main.mainMenu(Main.java:63)
	at edu.ncsu.csc326.coffeemaker.Main.mainMenu(Main.java:63)
	at edu.ncsu.csc326.coffeemaker.Main.mainMenu(Main.java:63)
	at edu.ncsu.csc326.coffeemaker.Main.mainMenu(Main.java:63)
	at edu.ncsu.csc326.coffeemaker.Main.mainMenu(Main.java:63)
	at edu.ncsu.csc326.coffeemaker.Main.mainMenu(Main.java:63)
	at edu.ncsu.csc326.coffeemaker.Main.mainMenu(Main.java:63)
	at edu.ncsu.csc326.coffeemaker.Main.mainMenu(Main.java:63)
	at edu.ncsu.csc326.coffeemaker.Main.mainMenu(Main.java:63)
	at edu.ncsu.csc326.coffeemaker.Main.mainMenu(Main.java:63)
	at edu.ncsu.csc326.coffeemaker.Main.mainMenu(Main.java:63)
	at edu.ncsu.csc326.coffeemaker.Main.mainMenu(Main.java:63)
	at edu.ncsu.csc326.coffeemaker.Main.mainMenu(Main.java:63)
	at edu.ncsu.csc326.coffeemaker.Main.mainMenu(Main.java:63)
	at edu.ncsu.csc326.coffeemaker.Main.mainMenu(Main.java:63)
	at edu.ncsu.csc326.coffeemaker.Main.mainMenu(Main.java:63)
	at edu.ncsu.csc326.coffeemaker.Main.mainMenu(Main.java:63)
	at edu.ncsu.csc326.coffeemaker.Main.mainMenu(Main.java:63)
	at edu.ncsu.csc326.coffeemaker.Main.mainMenu(Main.java:63)
	at edu.ncsu.csc326.coffeemaker.Main.mainMenu(Main.java:63)
	at edu.ncsu.csc326.coffeemaker.Main.mainMenu(Main.java:63)
	at edu.ncsu.csc326.coffeemaker.Main.mainMenu(Main.java:63)
	at edu.ncsu.csc326.coffeemaker.Main.mainMenu(Main.java:63)
	at edu.ncsu.csc326.coffeemaker.Main.mainMenu(Main.java:63)
	at edu.ncsu.csc326.coffeemaker.Main.mainMenu(Main.java:63)
	at edu.ncsu.csc326.coffeemaker.Main.mainMenu(Main.java:63)
	at edu.ncsu.csc326.coffeemaker.Main.mainMenu(Main.java:63)
	at edu.ncsu.csc326.coffeemaker.Main.mainMenu(Main.java:63)
	at edu.ncsu.csc326.coffeemaker.Main.mainMenu(Main.java:63)
	at edu.ncsu.csc326.coffeemaker.Main.mainMenu(Main.java:63)
	at edu.ncsu.csc326.coffeemaker.Main.mainMenu(Main.java:63)
	at edu.ncsu.csc326.coffeemaker.Main.mainMenu(Main.java:63)
	at edu.ncsu.csc326.coffeemaker.Main.mainMenu(Main.java:63)
	at edu.ncsu.csc326.coffeemaker.Main.mainMenu(Main.java:63)
	at edu.ncsu.csc326.coffeemaker.Main.mainMenu(Main.java:63)
	at edu.ncsu.csc326.coffeemaker.Main.mainMenu(Main.java:63)
	at edu.ncsu.csc326.coffeemaker.Main.mainMenu(Main.java:63)
	at edu.ncsu.csc326.coffeemaker.Main.mainMenu(Main.java:63)
	at edu.ncsu.csc326.coffeemaker.Main.mainMenu(Main.java:63)
	at edu.ncsu.csc326.coffeemaker.Main.mainMenu(Main.java:63)
	at edu.ncsu.csc326.coffeemaker.Main.mainMenu(Main.java:63)
	at edu.ncsu.csc326.coffeemaker.Main.mainMenu(Main.java:63)
	at edu.ncsu.csc326.coffeemaker.Main.mainMenu(Main.java:63)
	at edu.ncsu.csc326.coffeemaker.Main.mainMenu(Main.java:63)
	at edu.ncsu.csc326.coffeemaker.Main.mainMenu(Main.java:63)
	at edu.ncsu.csc326.coffeemaker.Main.mainMenu(Main.java:63)
	at edu.ncsu.csc326.coffeemaker.Main.mainMenu(Main.java:63)
	at edu.ncsu.csc326.coffeemaker.Main.mainMenu(Main.java:63)
	at edu.ncsu.csc326.coffeemaker.Main.mainMenu(Main.java:63)
	at edu.ncsu.csc326.coffeemaker.Main.mainMenu(Main.java:63)
	at edu.ncsu.csc326.coffeemaker.Main.mainMenu(Main.java:63)
	at edu.ncsu.csc326.coffeemaker.Main.mainMenu(Main.java:63)
	at edu.ncsu.csc326.coffeemaker.Main.mainMenu(Main.java:63)
	at edu.ncsu.csc326.coffeemaker.Main.mainMenu(Main.java:63)
	at edu.ncsu.csc326.coffeemaker.Main.mainMenu(Main.java:63)
	at edu.ncsu.csc326.coffeemaker.Main.mainMenu(Main.java:63)
	at edu.ncsu.csc326.coffeemaker.Main.mainMenu(Main.java:63)
	at edu.ncsu.csc326.coffeemaker.Main.mainMenu(Main.java:63)
	at edu.ncsu.csc326.coffeemaker.Main.mainMenu(Main.java:63)
	at edu.ncsu.csc326.coffeemaker.Main.mainMenu(Main.java:63)
	at edu.ncsu.csc326.coffeemaker.Main.mainMenu(Main.java:63)
	at edu.ncsu.csc326.coffeemaker.Main.mainMenu(Main.java:63)
	at edu.ncsu.csc326.coffeemaker.Main.mainMenu(Main.java:63)
	at edu.ncsu.csc326.coffeemaker.Main.mainMenu(Main.java:63)
	at edu.ncsu.csc326.coffeemaker.Main.mainMenu(Main.java:63)
	at edu.ncsu.csc326.coffeemaker.Main.mainMenu(Main.java:63)
	at edu.ncsu.csc326.coffeemaker.Main.mainMenu(Main.java:63)
	at edu.ncsu.csc326.coffeemaker.Main.mainMenu(Main.java:63)
	at edu.ncsu.csc326.coffeemaker.Main.mainMenu(Main.java:63)
	at edu.ncsu.csc326.coffeemaker.Main.mainMenu(Main.java:63)
	at edu.ncsu.csc326.coffeemaker.Main.mainMenu(Main.java:63)
	at edu.ncsu.csc326.coffeemaker.Main.mainMenu(Main.java:63)
	at edu.ncsu.csc326.coffeemaker.Main.mainMenu(Main.java:63)
	at edu.ncsu.csc326.coffeemaker.Main.mainMenu(Main.java:63)
	at edu.ncsu.csc326.coffeemaker.Main.mainMenu(Main.java:63)
	at edu.ncsu.csc326.coffeemaker.Main.mainMenu(Main.java:63)
	at edu.ncsu.csc326.coffeemaker.Main.mainMenu(Main.java:63)
	at edu.ncsu.csc326.coffeemaker.Main.mainMenu(Main.java:63)
	at edu.ncsu.csc326.coffeemaker.Main.mainMenu(Main.java:63)
	at edu.ncsu.csc326.coffeemaker.Main.mainMenu(Main.java:63)
	at edu.ncsu.csc326.coffeemaker.Main.mainMenu(Main.java:63)
	at edu.ncsu.csc326.coffeemaker.Main.mainMenu(Main.java:63)
	at edu.ncsu.csc326.coffeemaker.Main.mainMenu(Main.java:63)
	at edu.ncsu.csc326.coffeemaker.Main.mainMenu(Main.java:63)
	at edu.ncsu.csc326.coffeemaker.Main.mainMenu(Main.java:63)
	at edu.ncsu.csc326.coffeemaker.Main.mainMenu(Main.java:63)
	at edu.ncsu.csc326.coffeemaker.Main.mainMenu(Main.java:63)
	at edu.ncsu.csc326.coffeemaker.Main.mainMenu(Main.java:63)
	at edu.ncsu.csc326.coffeemaker.Main.mainMenu(Main.java:63)
	at edu.ncsu.csc326.coffeemaker.Main.mainMenu(Main.java:63)
	at edu.ncsu.csc326.coffeemaker.Main.mainMenu(Main.java:63)
	at edu.ncsu.csc326.coffeemaker.Main.mainMenu(Main.java:63)
	at edu.ncsu.csc326.coffeemaker.Main.mainMenu(Main.java:63)
	at edu.ncsu.csc326.coffeemaker.Main.mainMenu(Main.java:63)
	at edu.ncsu.csc326.coffeemaker.Main.mainMenu(Main.java:63)
	at edu.ncsu.csc326.coffeemaker.Main.mainMenu(Main.java:63)
	at edu.ncsu.csc326.coffeemaker.Main.mainMenu(Main.java:63)
	at edu.ncsu.csc326.coffeemaker.Main.mainMenu(Main.java:63)
	at edu.ncsu.csc326.coffeemaker.Main.mainMenu(Main.java:63)
	at edu.ncsu.csc326.coffeemaker.Main.mainMenu(Main.java:63)
	at edu.ncsu.csc326.coffeemaker.Main.mainMenu(Main.java:63)
	at edu.ncsu.csc326.coffeemaker.Main.mainMenu(Main.java:63)
	at edu.ncsu.csc326.coffeemaker.Main.mainMenu(Main.java:63)
	at edu.ncsu.csc326.coffeemaker.Main.mainMenu(Main.java:63)
	at edu.ncsu.csc326.coffeemaker.Main.mainMenu(Main.java:63)
	at edu.ncsu.csc326.coffeemaker.Main.mainMenu(Main.java:63)
	at edu.ncsu.csc326.coffeemaker.Main.mainMenu(Main.java:63)
	at edu.ncsu.csc326.coffeemaker.Main.mainMenu(Main.java:63)
	at edu.ncsu.csc326.coffeemaker.Main.mainMenu(Main.java:63)
	at edu.ncsu.csc326.coffeemaker.Main.mainMenu(Main.java:63)
	at edu.ncsu.csc326.coffeemaker.Main.mainMenu(Main.java:63)
	at edu.ncsu.csc326.coffeemaker.Main.mainMenu(Main.java:63)
	at edu.ncsu.csc326.coffeemaker.Main.mainMenu(Main.java:63)
	at edu.ncsu.csc326.coffeemaker.Main.mainMenu(Main.java:63)
	at edu.ncsu.csc326.coffeemaker.Main.mainMenu(Main.java:63)
	at edu.ncsu.csc326.coffeemaker.Main.mainMenu(Main.java:63)
	at edu.ncsu.csc326.coffeemaker.Main.mainMenu(Main.java:63)
	at edu.ncsu.csc326.coffeemaker.Main.mainMenu(Main.java:63)
	at edu.ncsu.csc326.coffeemaker.Main.mainMenu(Main.java:63)
	at edu.ncsu.csc326.coffeemaker.Main.mainMenu(Main.java:63)
	at edu.ncsu.csc326.coffeemaker.Main.mainMenu(Main.java:63)
	at edu.ncsu.csc326.coffeemaker.Main.mainMenu(Main.java:63)
	at edu.ncsu.csc326.coffeemaker.Main.mainMenu(Main.java:63)
	at edu.ncsu.csc326.coffeemaker.Main.mainMenu(Main.java:63)
	at edu.ncsu.csc326.coffeemaker.Main.mainMenu(Main.java:63)
	at edu.ncsu.csc326.coffeemaker.Main.mainMenu(Main.java:63)
	at edu.ncsu.csc326.coffeemaker.Main.mainMenu(Main.java:63)
	at edu.ncsu.csc326.coffeemaker.Main.mainMenu(Main.java:63)
	at edu.ncsu.csc326.coffeemaker.Main.mainMenu(Main.java:63)
	at edu.ncsu.csc326.coffeemaker.Main.mainMenu(Main.java:63)
	at edu.ncsu.csc326.coffeemaker.Main.mainMenu(Main.java:63)
	at edu.ncsu.csc326.coffeemaker.Main.mainMenu(Main.java:63)
	at edu.ncsu.csc326.coffeemaker.Main.mainMenu(Main.java:63)
	at edu.ncsu.csc326.coffeemaker.Main.mainMenu(Main.java:63)
	at edu.ncsu.csc326.coffeemaker.Main.mainMenu(Main.java:63)
	at edu.ncsu.csc326.coffeemaker.Main.mainMenu(Main.java:63)
	at edu.ncsu.csc326.coffeemaker.Main.mainMenu(Main.java:63)
	at edu.ncsu.csc326.coffeemaker.Main.mainMenu(Main.java:63)
	at edu.ncsu.csc326.coffeemaker.Main.mainMenu(Main.java:63)
	at edu.ncsu.csc326.coffeemaker.Main.mainMenu(Main.java:63)
	at edu.ncsu.csc326.coffeemaker.Main.mainMenu(Main.java:63)
	at edu.ncsu.csc326.coffeemaker.Main.mainMenu(Main.java:63)
	at edu.ncsu.csc326.coffeemaker.Main.mainMenu(Main.java:63)
	at edu.ncsu.csc326.coffeemaker.Main.mainMenu(Main.java:63)
	at edu.ncsu.csc326.coffeemaker.Main.mainMenu(Main.java:63)
	at edu.ncsu.csc326.coffeemaker.Main.mainMenu(Main.java:63)
	at edu.ncsu.csc326.coffeemaker.Main.mainMenu(Main.java:63)
	at edu.ncsu.csc326.coffeemaker.Main.mainMenu(Main.java:63)
	at edu.ncsu.csc326.coffeemaker.Main.mainMenu(Main.java:63)
	at edu.ncsu.csc326.coffeemaker.Main.mainMenu(Main.java:63)
	at edu.ncsu.csc326.coffeemaker.Main.mainMenu(Main.java:63)
	at edu.ncsu.csc326.coffeemaker.Main.mainMenu(Main.java:63)
	at edu.ncsu.csc326.coffeemaker.Main.mainMenu(Main.java:63)
	at edu.ncsu.csc326.coffeemaker.Main.mainMenu(Main.java:63)
	at edu.ncsu.csc326.coffeemaker.Main.mainMenu(Main.java:63)
	at edu.ncsu.csc326.coffeemaker.Main.mainMenu(Main.java:63)
	at edu.ncsu.csc326.coffeemaker.Main.mainMenu(Main.java:63)
	at edu.ncsu.csc326.coffeemaker.Main.mainMenu(Main.java:63)
	at edu.ncsu.csc326.coffeemaker.Main.mainMenu(Main.java:63)
	at edu.ncsu.csc326.coffeemaker.Main.mainMenu(Main.java:63)
	at edu.ncsu.csc326.coffeemaker.Main.mainMenu(Main.java:63)
	at edu.ncsu.csc326.coffeemaker.Main.mainMenu(Main.java:63)
	at edu.ncsu.csc326.coffeemaker.Main.mainMenu(Main.java:63)
	at edu.ncsu.csc326.coffeemaker.Main.mainMenu(Main.java:63)
	at edu.ncsu.csc326.coffeemaker.Main.mainMenu(Main.java:63)
	at edu.ncsu.csc326.coffeemaker.Main.mainMenu(Main.java:63)
	at edu.ncsu.csc326.coffeemaker.Main.mainMenu(Main.java:63)
	at edu.ncsu.csc326.coffeemaker.Main.mainMenu(Main.java:63)
	at edu.ncsu.csc326.coffeemaker.Main.mainMenu(Main.java:63)
	at edu.ncsu.csc326.coffeemaker.Main.mainMenu(Main.java:63)
	at edu.ncsu.csc326.coffeemaker.Main.mainMenu(Main.java:63)
	at edu.ncsu.csc326.coffeemaker.Main.mainMenu(Main.java:63)
	at edu.ncsu.csc326.coffeemaker.Main.mainMenu(Main.java:63)
	at edu.ncsu.csc326.coffeemaker.Main.mainMenu(Main.java:63)
	at edu.ncsu.csc326.coffeemaker.Main.mainMenu(Main.java:63)
	at edu.ncsu.csc326.coffeemaker.Main.mainMenu(Main.java:63)
	at edu.ncsu.csc326.coffeemaker.Main.mainMenu(Main.java:63)
	at edu.ncsu.csc326.coffeemaker.Main.mainMenu(Main.java:63)
	at edu.ncsu.csc326.coffeemaker.Main.mainMenu(Main.java:63)
	at edu.ncsu.csc326.coffeemaker.Main.mainMenu(Main.java:63)
	at edu.ncsu.csc326.coffeemaker.Main.mainMenu(Main.java:63)
	at edu.ncsu.csc326.coffeemaker.Main.mainMenu(Main.java:63)
	at edu.ncsu.csc326.coffeemaker.Main.mainMenu(Main.java:63)
	at edu.ncsu.csc326.coffeemaker.Main.mainMenu(Main.java:63)
	at edu.ncsu.csc326.coffeemaker.Main.mainMenu(Main.java:63)
	at edu.ncsu.csc326.coffeemaker.Main.mainMenu(Main.java:63)
	at edu.ncsu.csc326.coffeemaker.Main.mainMenu(Main.java:63)
	at edu.ncsu.csc326.coffeemaker.Main.mainMenu(Main.java:63)
	at edu.ncsu.csc326.coffeemaker.Main.mainMenu(Main.java:63)
	at edu.ncsu.csc326.coffeemaker.Main.mainMenu(Main.java:63)
	at edu.ncsu.csc326.coffeemaker.Main.mainMenu(Main.java:63)
	at edu.ncsu.csc326.coffeemaker.Main.mainMenu(Main.java:63)
	at edu.ncsu.csc326.coffeemaker.Main.mainMenu(Main.java:63)
	at edu.ncsu.csc326.coffeemaker.Main.mainMenu(Main.java:63)
	at edu.ncsu.csc326.coffeemaker.Main.mainMenu(Main.java:63)
	at edu.ncsu.csc326.coffeemaker.Main.mainMenu(Main.java:63)
	at edu.ncsu.csc326.coffeemaker.Main.mainMenu(Main.java:63)
	at edu.ncsu.csc326.coffeemaker.Main.mainMenu(Main.java:63)
	at edu.ncsu.csc326.coffeemaker.Main.mainMenu(Main.java:63)
	at edu.ncsu.csc326.coffeemaker.Main.mainMenu(Main.java:63)
	at edu.ncsu.csc326.coffeemaker.Main.mainMenu(Main.java:63)
	at edu.ncsu.csc326.coffeemaker.Main.mainMenu(Main.java:63)
	at edu.ncsu.csc326.coffeemaker.Main.mainMenu(Main.java:63)
	at edu.ncsu.csc326.coffeemaker.Main.mainMenu(Main.java:63)
	at edu.ncsu.csc326.coffeemaker.Main.mainMenu(Main.java:63)
	at edu.ncsu.csc326.coffeemaker.Main.mainMenu(Main.java:63)
	at edu.ncsu.csc326.coffeemaker.Main.mainMenu(Main.java:63)
	at edu.ncsu.csc326.coffeemaker.Main.mainMenu(Main.java:63)
	at edu.ncsu.csc326.coffeemaker.Main.mainMenu(Main.java:63)
	at edu.ncsu.csc326.coffeemaker.Main.mainMenu(Main.java:63)
	at edu.ncsu.csc326.coffeemaker.Main.mainMenu(Main.java:63)
	at edu.ncsu.csc326.coffeemaker.Main.mainMenu(Main.java:63)
	at edu.ncsu.csc326.coffeemaker.Main.mainMenu(Main.java:63)
	at edu.ncsu.csc326.coffeemaker.Main.mainMenu(Main.java:63)
	at edu.ncsu.csc326.coffeemaker.Main.mainMenu(Main.java:63)
	at edu.ncsu.csc326.coffeemaker.Main.mainMenu(Main.java:63)
	at edu.ncsu.csc326.coffeemaker.Main.mainMenu(Main.java:63)
	at edu.ncsu.csc326.coffeemaker.Main.mainMenu(Main.java:63)
	at edu.ncsu.csc326.coffeemaker.Main.mainMenu(Main.java:63)
	at edu.ncsu.csc326.coffeemaker.Main.mainMenu(Main.java:63)
	at edu.ncsu.csc326.coffeemaker.Main.mainMenu(Main.java:63)
	at edu.ncsu.csc326.coffeemaker.Main.mainMenu(Main.java:63)
	at edu.ncsu.csc326.coffeemaker.Main.mainMenu(Main.java:63)
	at edu.ncsu.csc326.coffeemaker.Main.mainMenu(Main.java:63)
	at edu.ncsu.csc326.coffeemaker.Main.mainMenu(Main.java:63)
	at edu.ncsu.csc326.coffeemaker.Main.mainMenu(Main.java:63)
	at edu.ncsu.csc326.coffeemaker.Main.mainMenu(Main.java:63)
	at edu.ncsu.csc326.coffeemaker.Main.mainMenu(Main.java:63)
	at edu.ncsu.csc326.coffeemaker.Main.mainMenu(Main.java:63)
	at edu.ncsu.csc326.coffeemaker.Main.mainMenu(Main.java:63)
	at edu.ncsu.csc326.coffeemaker.Main.mainMenu(Main.java:63)
	at edu.ncsu.csc326.coffeemaker.Main.mainMenu(Main.java:63)
	at edu.ncsu.csc326.coffeemaker.Main.mainMenu(Main.java:63)
	at edu.ncsu.csc326.coffeemaker.Main.mainMenu(Main.java:63)
	at edu.ncsu.csc326.coffeemaker.Main.mainMenu(Main.java:63)
	at edu.ncsu.csc326.coffeemaker.Main.mainMenu(Main.java:63)
	at edu.ncsu.csc326.coffeemaker.Main.mainMenu(Main.java:63)
	at edu.ncsu.csc326.coffeemaker.Main.mainMenu(Main.java:63)
	at edu.ncsu.csc326.coffeemaker.Main.mainMenu(Main.java:63)
	at edu.ncsu.csc326.coffeemaker.Main.mainMenu(Main.java:63)
	at edu.ncsu.csc326.coffeemaker.Main.mainMenu(Main.java:63)
	at edu.ncsu.csc326.coffeemaker.Main.mainMenu(Main.java:63)
	at edu.ncsu.csc326.coffeemaker.Main.mainMenu(Main.java:63)
	at edu.ncsu.csc326.coffeemaker.Main.mainMenu(Main.java:63)
	at edu.ncsu.csc326.coffeemaker.Main.mainMenu(Main.java:63)
	at edu.ncsu.csc326.coffeemaker.Main.mainMenu(Main.java:63)
	at edu.ncsu.csc326.coffeemaker.Main.mainMenu(Main.java:63)
	at edu.ncsu.csc326.coffeemaker.Main.mainMenu(Main.java:63)
	at edu.ncsu.csc326.coffeemaker.Main.mainMenu(Main.java:63)
	at edu.ncsu.csc326.coffeemaker.Main.mainMenu(Main.java:63)
	at edu.ncsu.csc326.coffeemaker.Main.mainMenu(Main.java:63)
	at edu.ncsu.csc326.coffeemaker.Main.mainMenu(Main.java:63)
	at edu.ncsu.csc326.coffeemaker.Main.mainMenu(Main.java:63)
	at edu.ncsu.csc326.coffeemaker.Main.mainMenu(Main.java:63)
	at edu.ncsu.csc326.coffeemaker.Main.mainMenu(Main.java:63)
	at edu.ncsu.csc326.coffeemaker.Main.mainMenu(Main.java:63)
	at edu.ncsu.csc326.coffeemaker.Main.mainMenu(Main.java:63)
	at edu.ncsu.csc326.coffeemaker.Main.mainMenu(Main.java:63)
	at edu.ncsu.csc326.coffeemaker.Main.mainMenu(Main.java:63)
	at edu.ncsu.csc326.coffeemaker.Main.mainMenu(Main.java:63)
	at edu.ncsu.csc326.coffeemaker.Main.mainMenu(Main.java:63)
	at edu.ncsu.csc326.coffeemaker.Main.mainMenu(Main.java:63)
	at edu.ncsu.csc326.coffeemaker.Main.mainMenu(Main.java:63)
	at edu.ncsu.csc326.coffeemaker.Main.mainMenu(Main.java:63)
	at edu.ncsu.csc326.coffeemaker.Main.mainMenu(Main.java:63)
	at edu.ncsu.csc326.coffeemaker.Main.mainMenu(Main.java:63)
	at edu.ncsu.csc326.coffeemaker.Main.mainMenu(Main.java:63)
	at edu.ncsu.csc326.coffeemaker.Main.mainMenu(Main.java:63)
	at edu.ncsu.csc326.coffeemaker.Main.mainMenu(Main.java:63)
	at edu.ncsu.csc326.coffeemaker.Main.mainMenu(Main.java:63)
	at edu.ncsu.csc326.coffeemaker.Main.mainMenu(Main.java:63)
	at edu.ncsu.csc326.coffeemaker.Main.mainMenu(Main.java:63)
	at edu.ncsu.csc326.coffeemaker.Main.mainMenu(Main.java:63)
	at edu.ncsu.csc326.coffeemaker.Main.mainMenu(Main.java:63)
	at edu.ncsu.csc326.coffeemaker.Main.mainMenu(Main.java:63)
	at edu.ncsu.csc326.coffeemaker.Main.mainMenu(Main.java:63)
	at edu.ncsu.csc326.coffeemaker.Main.mainMenu(Main.java:63)
	at edu.ncsu.csc326.coffeemaker.Main.mainMenu(Main.java:63)
	at edu.ncsu.csc326.coffeemaker.Main.mainMenu(Main.java:63)
	at edu.ncsu.csc326.coffeemaker.Main.mainMenu(Main.java:63)
	at edu.ncsu.csc326.coffeemaker.Main.mainMenu(Main.java:63)
	at edu.ncsu.csc326.coffeemaker.Main.mainMenu(Main.java:63)
	at edu.ncsu.csc326.coffeemaker.Main.mainMenu(Main.java:63)
	at edu.ncsu.csc326.coffeemaker.Main.mainMenu(Main.java:63)
	at edu.ncsu.csc326.coffeemaker.Main.mainMenu(Main.java:63)
	at edu.ncsu.csc326.coffeemaker.Main.mainMenu(Main.java:63)
	at edu.ncsu.csc326.coffeemaker.Main.mainMenu(Main.java:63)
	at edu.ncsu.csc326.coffeemaker.Main.mainMenu(Main.java:63)
	at edu.ncsu.csc326.coffeemaker.Main.mainMenu(Main.java:63)
	at edu.ncsu.csc326.coffeemaker.Main.mainMenu(Main.java:63)
	at edu.ncsu.csc326.coffeemaker.Main.mainMenu(Main.java:63)
	at edu.ncsu.csc326.coffeemaker.Main.mainMenu(Main.java:63)
	at edu.ncsu.csc326.coffeemaker.Main.mainMenu(Main.java:63)
	at edu.ncsu.csc326.coffeemaker.Main.mainMenu(Main.java:63)
	at edu.ncsu.csc326.coffeemaker.Main.mainMenu(Main.java:63)
	at edu.ncsu.csc326.coffeemaker.Main.mainMenu(Main.java:63)
	at edu.ncsu.csc326.coffeemaker.Main.mainMenu(Main.java:63)
	at edu.ncsu.csc326.coffeemaker.Main.mainMenu(Main.java:63)
	at edu.ncsu.csc326.coffeemaker.Main.mainMenu(Main.java:63)
	at edu.ncsu.csc326.coffeemaker.Main.mainMenu(Main.java:63)
	at edu.ncsu.csc326.coffeemaker.Main.mainMenu(Main.java:63)
	at edu.ncsu.csc326.coffeemaker.Main.mainMenu(Main.java:63)
	at edu.ncsu.csc326.coffeemaker.Main.mainMenu(Main.java:63)
	at edu.ncsu.csc326.coffeemaker.Main.mainMenu(Main.java:63)
	at edu.ncsu.csc326.coffeemaker.Main.mainMenu(Main.java:63)
	at edu.ncsu.csc326.coffeemaker.Main.mainMenu(Main.java:63)
	at edu.ncsu.csc326.coffeemaker.Main.mainMenu(Main.java:63)
	at edu.ncsu.csc326.coffeemaker.Main.mainMenu(Main.java:63)
	at edu.ncsu.csc326.coffeemaker.Main.mainMenu(Main.java:63)
	at edu.ncsu.csc326.coffeemaker.Main.mainMenu(Main.java:63)
	at edu.ncsu.csc326.coffeemaker.Main.mainMenu(Main.java:63)
	at edu.ncsu.csc326.coffeemaker.Main.mainMenu(Main.java:63)
	at edu.ncsu.csc326.coffeemaker.Main.mainMenu(Main.java:63)
	at edu.ncsu.csc326.coffeemaker.Main.mainMenu(Main.java:63)
	at edu.ncsu.csc326.coffeemaker.Main.mainMenu(Main.java:63)
	at edu.ncsu.csc326.coffeemaker.Main.mainMenu(Main.java:63)
	at edu.ncsu.csc326.coffeemaker.Main.mainMenu(Main.java:63)
	at edu.ncsu.csc326.coffeemaker.Main.mainMenu(Main.java:63)
	at edu.ncsu.csc326.coffeemaker.Main.mainMenu(Main.java:63)
</failure>
  </testcase>
  <system-out><![CDATA[]]></system-out>
  <system-err><![CDATA[]]></system-err>
</testsuite>
